14:C 25 Jul 2024 17:59:04.349 * oO0OoO0OoO0Oo Redis is starting oO0OoO0OoO0Oo
14:C 25 Jul 2024 17:59:04.350 * Redis version=7.2.4, bits=64, commit=00000000, modified=0, pid=14, just started
14:C 25 Jul 2024 17:59:04.350 * Configuration loaded
14:M 25 Jul 2024 17:59:04.350 * monotonic clock: POSIX clock_gettime
14:M 25 Jul 2024 17:59:04.354 * Running mode=standalone, port=6379.
14:M 25 Jul 2024 17:59:04.355 * Module 'RedisCompat' loaded from /opt/redis-stack/lib/rediscompat.so
14:M 25 Jul 2024 17:59:04.357 * <search> Redis version found by RedisSearch : 7.2.4 - oss
14:M 25 Jul 2024 17:59:04.357 * <search> RediSearch version 2.8.13 (Git=2.8-c1535c6)
14:M 25 Jul 2024 17:59:04.358 * <search> Low level api version 1 initialized successfully
14:M 25 Jul 2024 17:59:04.358 * <search> concurrent writes: OFF, gc: ON, prefix min length: 2, prefix max expansions: 200, query timeout (ms): 500, timeout policy: return, cursor read size: 1000, cursor max idle (ms): 300000, max doctable size: 1000000, max number of search results:  10000, search pool size: 20, index pool size: 8, 
14:M 25 Jul 2024 17:59:04.361 * <search> Initialized thread pools!
14:M 25 Jul 2024 17:59:04.361 * <search> Enabled role change notification
14:M 25 Jul 2024 17:59:04.362 * Module 'search' loaded from /opt/redis-stack/lib/redisearch.so
14:M 25 Jul 2024 17:59:04.363 * <timeseries> RedisTimeSeries version 11012, git_sha=81d5ef59cdaba059a0eb9705c3c4b0127949f388
14:M 25 Jul 2024 17:59:04.364 * <timeseries> Redis version found by RedisTimeSeries : 7.2.4 - oss
14:M 25 Jul 2024 17:59:04.364 * <timeseries> loaded default CHUNK_SIZE_BYTES policy: 4096
14:M 25 Jul 2024 17:59:04.365 * <timeseries> loaded server DUPLICATE_POLICY: block
14:M 25 Jul 2024 17:59:04.365 * <timeseries> Setting default series ENCODING to: compressed
14:M 25 Jul 2024 17:59:04.365 * <timeseries> Detected redis oss
14:M 25 Jul 2024 17:59:04.366 * Module 'timeseries' loaded from /opt/redis-stack/lib/redistimeseries.so
14:M 25 Jul 2024 17:59:04.366 * <ReJSON> Created new data type 'ReJSON-RL'
14:M 25 Jul 2024 17:59:04.366 * <ReJSON> version: 20610 git sha: unknown branch: unknown
14:M 25 Jul 2024 17:59:04.367 * <ReJSON> Exported RedisJSON_V1 API
14:M 25 Jul 2024 17:59:04.367 * <ReJSON> Exported RedisJSON_V2 API
14:M 25 Jul 2024 17:59:04.368 * <ReJSON> Exported RedisJSON_V3 API
14:M 25 Jul 2024 17:59:04.368 * <ReJSON> Exported RedisJSON_V4 API
14:M 25 Jul 2024 17:59:04.369 * <ReJSON> Exported RedisJSON_V5 API
14:M 25 Jul 2024 17:59:04.369 * <ReJSON> Enabled diskless replication
14:M 25 Jul 2024 17:59:04.369 * Module 'ReJSON' loaded from /opt/redis-stack/lib/rejson.so
14:M 25 Jul 2024 17:59:04.369 * <search> Acquired RedisJSON_V5 API
14:M 25 Jul 2024 17:59:04.370 * <bf> RedisBloom version 2.6.12 (Git=unknown)
14:M 25 Jul 2024 17:59:04.370 * Module 'bf' loaded from /opt/redis-stack/lib/redisbloom.so
14:M 25 Jul 2024 17:59:04.371 * <redisgears_2> Created new data type 'GearsType'
14:M 25 Jul 2024 17:59:04.372 * <redisgears_2> Detected redis oss
14:M 25 Jul 2024 17:59:04.372 # <redisgears_2> could not initialize RedisAI_InitError

14:M 25 Jul 2024 17:59:04.372 * <redisgears_2> Failed loading RedisAI API.
14:M 25 Jul 2024 17:59:04.373 * <redisgears_2> RedisGears v2.0.20, sha='9b737886bf825fe29ddc2f8da81f73cbe0b4e858', build_type='release', built_for='Linux-ubuntu22.04.aarch64', redis_version:'7.2.4', enterprise:'false'.
14:M 25 Jul 2024 17:59:04.375 * <redisgears_2> Registered backend: js.
14:M 25 Jul 2024 17:59:04.376 * Module 'redisgears_2' loaded from /opt/redis-stack/lib/redisgears.so
14:M 25 Jul 2024 17:59:04.376 * Server initialized
14:M 25 Jul 2024 17:59:04.377 * Ready to accept connections tcp
14:M 25 Jul 2024 17:59:11.222 # <search> creating vector index. Server memory limit: 8221806592B, required memory: 59448B, available memory: 8192500496B
14:M 25 Jul 2024 17:59:11.222 # <search> creating vector index. Server memory limit: 8221806592B, required memory: 59448B, available memory: 8192500496B
14:M 25 Jul 2024 17:59:11.224 * <module> Scanning index products in background
14:M 25 Jul 2024 17:59:15.289 * <module> Scanning index products in background: done (scanned=6000)
14:M 25 Jul 2024 17:59:16.953 * <module> Scanning index :vecsim_app.models.Product:index in background
14:M 25 Jul 2024 17:59:17.163 * <module> Scanning index :vecsim_app.models.Product:index in background: done (scanned=6000)
14:M 25 Jul 2024 17:59:17.163 * <module> Scanning index :pydantic.main.Product:index in background
14:M 25 Jul 2024 17:59:17.245 * <module> Scanning index :pydantic.main.Product:index in background: done (scanned=6000)
14:M 25 Jul 2024 18:01:05.136 * 1 changes in 120 seconds. Saving...
14:M 25 Jul 2024 18:01:05.149 * Background saving started by pid 23
23:C 25 Jul 2024 18:01:05.267 * DB saved on disk
23:C 25 Jul 2024 18:01:05.268 * Fork CoW for RDB: current 1 MB, peak 1 MB, average 0 MB
14:M 25 Jul 2024 18:01:05.361 * Background saving terminated with success
